<?xml version="1.0" encoding="UTF-8"?>
<!-- Generated by org.testng.reporters.JUnitReportReporter -->
<testsuite hostname="LAPTOP-B80SJ2V3" failures="0" tests="1" name="test.Test4_TestNg2" time="7.721" errors="0" timestamp="2021-06-17T09:32:46 IST" skipped="0">
  <testcase classname="test.Test4_TestNg2" name="googlesearchText2" time="7.721"/>
  <system-out/>
</testsuite> <!-- test.Test4_TestNg2 -->
