<?xml version="1.0" encoding="UTF-8"?>
<!-- Generated by org.testng.reporters.JUnitReportReporter -->
<testsuite skipped="0" hostname="LAPTOP-B80SJ2V3" name="test.Simplilear_testng" tests="1" failures="0" timestamp="2021-07-25T20:26:42 IST" time="0.108" errors="0">
  <testcase name="verifyHomepageTitle" time="0.108" classname="test.Simplilear_testng"/>
  <system-out/>
</testsuite> <!-- test.Simplilear_testng -->
